RUN	main.UserSimulation	usersimulation	1638478040847	 	3.7.2
USER	Delete Product	START	1638478041804
USER	Post Product	START	1638478041802
USER	Get Product	START	1638478041802
USER	Put Product	START	1638478041802
REQUEST		Post Product	1638478041889	1638478042280	OK	 
USER	Post Product	END	1638478042304
REQUEST		Post Product	1638478041889	1638478042286	OK	 
REQUEST		Post Product	1638478041889	1638478042278	OK	 
REQUEST		Post Product	1638478041889	1638478042272	OK	 
REQUEST		Put Product	1638478042350	1638478042524	OK	 
USER	Put Product	END	1638478042525
REQUEST		Delete Product	1638478042352	1638478042679	OK	 
USER	Delete Product	END	1638478042679
REQUEST		Get Product	1638478042352	1638478042681	OK	 
USER	Get Product	END	1638478042682
USER	Put Product	START	1638478043786
USER	Get Product	START	1638478043787
USER	Post Product	START	1638478043801
USER	Delete Product	START	1638478043801
REQUEST		Post Product	1638478043787	1638478044076	OK	 
REQUEST		Post Product	1638478043801	1638478044103	OK	 
USER	Post Product	END	1638478044104
REQUEST		Post Product	1638478043801	1638478044109	OK	 
REQUEST		Post Product	1638478043787	1638478044148	OK	 
REQUEST		Put Product	1638478044077	1638478044214	OK	 
USER	Put Product	END	1638478044215
REQUEST		Delete Product	1638478044110	1638478044431	OK	 
USER	Delete Product	END	1638478044431
REQUEST		Get Product	1638478044149	1638478044487	OK	 
USER	Get Product	END	1638478044488
USER	Get Product	START	1638478045788
USER	Delete Product	START	1638478045788
USER	Post Product	START	1638478045788
USER	Put Product	START	1638478045788
REQUEST		Post Product	1638478045788	1638478045988	OK	 
USER	Post Product	END	1638478045989
REQUEST		Post Product	1638478045788	1638478046021	OK	 
REQUEST		Post Product	1638478045789	1638478046033	OK	 
REQUEST		Post Product	1638478045788	1638478046140	OK	 
REQUEST		Put Product	1638478046034	1638478046191	OK	 
USER	Put Product	END	1638478046191
REQUEST		Get Product	1638478046022	1638478046356	OK	 
USER	Get Product	END	1638478046357
REQUEST		Delete Product	1638478046140	1638478046476	OK	 
USER	Delete Product	END	1638478046477
USER	Post Product	START	1638478047791
USER	Delete Product	START	1638478047791
USER	Put Product	START	1638478047791
USER	Get Product	START	1638478047791
REQUEST		Post Product	1638478047791	1638478047958	OK	 
REQUEST		Post Product	1638478047791	1638478048031	OK	 
USER	Post Product	END	1638478048031
REQUEST		Post Product	1638478047791	1638478048060	OK	 
REQUEST		Put Product	1638478047958	1638478048101	OK	 
USER	Put Product	END	1638478048102
REQUEST		Post Product	1638478047791	1638478048174	OK	 
REQUEST		Get Product	1638478048060	1638478048379	OK	 
USER	Get Product	END	1638478048380
REQUEST		Delete Product	1638478048175	1638478048531	OK	 
USER	Delete Product	END	1638478048532
USER	Delete Product	START	1638478049792
USER	Post Product	START	1638478049792
USER	Put Product	START	1638478049792
USER	Get Product	START	1638478049792
REQUEST		Post Product	1638478049792	1638478050037	OK	 
REQUEST		Post Product	1638478049792	1638478050039	OK	 
REQUEST		Post Product	1638478049792	1638478050047	OK	 
REQUEST		Post Product	1638478049792	1638478050069	OK	 
USER	Post Product	END	1638478050070
REQUEST		Put Product	1638478050048	1638478050188	OK	 
USER	Put Product	END	1638478050188
REQUEST		Delete Product	1638478050039	1638478050378	OK	 
REQUEST		Get Product	1638478050038	1638478050378	OK	 
USER	Delete Product	END	1638478050379
USER	Get Product	END	1638478050379
USER	Delete Product	START	1638478051794
USER	Get Product	START	1638478051794
USER	Post Product	START	1638478051794
USER	Put Product	START	1638478051794
REQUEST		Post Product	1638478051795	1638478051966	OK	 
REQUEST		Post Product	1638478051795	1638478052031	OK	 
USER	Post Product	END	1638478052031
REQUEST		Post Product	1638478051795	1638478052032	OK	 
REQUEST		Put Product	1638478051967	1638478052094	OK	 
USER	Put Product	END	1638478052095
REQUEST		Post Product	1638478051795	1638478052155	OK	 
REQUEST		Get Product	1638478052033	1638478052365	OK	 
USER	Get Product	END	1638478052367
REQUEST		Delete Product	1638478052156	1638478052493	OK	 
USER	Delete Product	END	1638478052494
USER	Get Product	START	1638478053796
USER	Put Product	START	1638478053796
USER	Delete Product	START	1638478053796
USER	Post Product	START	1638478053796
REQUEST		Post Product	1638478053796	1638478054028	OK	 
REQUEST		Post Product	1638478053796	1638478054033	OK	 
REQUEST		Post Product	1638478053796	1638478054080	OK	 
USER	Post Product	END	1638478054081
REQUEST		Put Product	1638478054033	1638478054181	OK	 
USER	Put Product	END	1638478054182
REQUEST		Delete Product	1638478054029	1638478054381	OK	 
USER	Delete Product	END	1638478054382
REQUEST		Post Product	1638478053796	1638478054391	OK	 
REQUEST		Get Product	1638478054392	1638478054721	OK	 
USER	Get Product	END	1638478054722
USER	Delete Product	START	1638478055797
USER	Put Product	START	1638478055797
USER	Post Product	START	1638478055797
USER	Get Product	START	1638478055797
REQUEST		Post Product	1638478055798	1638478055976	OK	 
REQUEST		Post Product	1638478055798	1638478056059	OK	 
REQUEST		Post Product	1638478055798	1638478056065	OK	 
USER	Post Product	END	1638478056065
REQUEST		Post Product	1638478055798	1638478056091	OK	 
REQUEST		Put Product	1638478056092	1638478056227	OK	 
USER	Put Product	END	1638478056228
REQUEST		Get Product	1638478055977	1638478056296	OK	 
USER	Get Product	END	1638478056297
REQUEST		Delete Product	1638478056060	1638478056404	OK	 
USER	Delete Product	END	1638478056405
USER	Post Product	START	1638478057800
USER	Put Product	START	1638478057800
USER	Get Product	START	1638478057800
USER	Delete Product	START	1638478057800
REQUEST		Post Product	1638478057801	1638478057956	OK	 
REQUEST		Post Product	1638478057801	1638478058024	OK	 
REQUEST		Post Product	1638478057801	1638478058077	OK	 
USER	Post Product	END	1638478058078
REQUEST		Put Product	1638478057957	1638478058086	OK	 
USER	Put Product	END	1638478058087
REQUEST		Post Product	1638478057801	1638478058123	OK	 
REQUEST		Delete Product	1638478058025	1638478058354	OK	 
USER	Delete Product	END	1638478058355
REQUEST		Get Product	1638478058124	1638478058457	OK	 
USER	Get Product	END	1638478058458
USER	Post Product	START	1638478059800
USER	Put Product	START	1638478059800
USER	Delete Product	START	1638478059800
USER	Get Product	START	1638478059800
REQUEST		Post Product	1638478059800	1638478059954	OK	 
REQUEST		Post Product	1638478059800	1638478059960	OK	 
REQUEST		Post Product	1638478059800	1638478059963	OK	 
REQUEST		Post Product	1638478059800	1638478060090	OK	 
USER	Post Product	END	1638478060090
REQUEST		Put Product	1638478059960	1638478060091	OK	 
USER	Put Product	END	1638478060091
REQUEST		Delete Product	1638478059955	1638478060271	OK	 
USER	Delete Product	END	1638478060272
REQUEST		Get Product	1638478059964	1638478060288	OK	 
USER	Get Product	END	1638478060289
USER	Post Product	START	1638478061796
USER	Delete Product	START	1638478061796
USER	Get Product	START	1638478061796
USER	Put Product	START	1638478061796
REQUEST		Post Product	1638478061796	1638478061971	OK	 
USER	Post Product	END	1638478061971
REQUEST		Post Product	1638478061796	1638478062021	OK	 
REQUEST		Post Product	1638478061796	1638478062096	OK	 
REQUEST		Post Product	1638478061796	1638478062096	OK	 
REQUEST		Put Product	1638478062097	1638478062227	OK	 
USER	Put Product	END	1638478062228
REQUEST		Get Product	1638478062022	1638478062354	OK	 
USER	Get Product	END	1638478062355
REQUEST		Delete Product	1638478062097	1638478062424	OK	 
USER	Delete Product	END	1638478062424
USER	Put Product	START	1638478063790
USER	Get Product	START	1638478063790
USER	Post Product	START	1638478063790
USER	Delete Product	START	1638478063790
REQUEST		Post Product	1638478063790	1638478064015	OK	 
REQUEST		Post Product	1638478063790	1638478064070	OK	 
REQUEST		Post Product	1638478063790	1638478064133	OK	 
USER	Post Product	END	1638478064134
REQUEST		Post Product	1638478063790	1638478064149	OK	 
REQUEST		Put Product	1638478064071	1638478064204	OK	 
USER	Put Product	END	1638478064205
REQUEST		Get Product	1638478064015	1638478064373	OK	 
USER	Get Product	END	1638478064374
REQUEST		Delete Product	1638478064150	1638478064493	OK	 
USER	Delete Product	END	1638478064494
USER	Put Product	START	1638478065791
USER	Get Product	START	1638478065791
USER	Post Product	START	1638478065791
USER	Delete Product	START	1638478065791
REQUEST		Post Product	1638478065791	1638478066006	OK	 
REQUEST		Post Product	1638478065791	1638478066006	OK	 
USER	Post Product	END	1638478066007
REQUEST		Post Product	1638478065791	1638478066045	OK	 
REQUEST		Put Product	1638478066007	1638478066135	OK	 
USER	Put Product	END	1638478066136
REQUEST		Post Product	1638478065791	1638478066154	OK	 
REQUEST		Get Product	1638478066046	1638478066374	OK	 
USER	Get Product	END	1638478066374
REQUEST		Delete Product	1638478066155	1638478066466	OK	 
USER	Delete Product	END	1638478066467
USER	Post Product	START	1638478067803
USER	Put Product	START	1638478067803
USER	Delete Product	START	1638478067803
USER	Get Product	START	1638478067803
REQUEST		Post Product	1638478067803	1638478068046	OK	 
USER	Post Product	END	1638478068048
REQUEST		Post Product	1638478067804	1638478068098	OK	 
REQUEST		Post Product	1638478067804	1638478068101	OK	 
REQUEST		Post Product	1638478067804	1638478068100	OK	 
REQUEST		Put Product	1638478068101	1638478068237	OK	 
USER	Put Product	END	1638478068238
REQUEST		Delete Product	1638478068101	1638478068421	OK	 
REQUEST		Get Product	1638478068101	1638478068421	OK	 
USER	Get Product	END	1638478068421
USER	Delete Product	END	1638478068421
USER	Post Product	START	1638478069795
USER	Put Product	START	1638478069795
USER	Get Product	START	1638478069795
USER	Delete Product	START	1638478069795
REQUEST		Post Product	1638478069796	1638478069958	OK	 
REQUEST		Post Product	1638478069796	1638478070077	OK	 
REQUEST		Post Product	1638478069796	1638478070121	OK	 
REQUEST		Post Product	1638478069796	1638478070124	OK	 
USER	Post Product	END	1638478070125
REQUEST		Put Product	1638478070121	1638478070269	OK	 
USER	Put Product	END	1638478070269
REQUEST		Get Product	1638478069959	1638478070271	OK	 
USER	Get Product	END	1638478070272
REQUEST		Delete Product	1638478070077	1638478070419	OK	 
USER	Delete Product	END	1638478070420
